Arguments: 
  /Users/jcmagsay/.nvm/versions/node/v13.9.0/bin/node /usr/local/Cellar/yarn/1.22.0/libexec/bin/yarn.js

PATH: 
  /Users/jcmagsay/.nvm/versions/node/v13.9.0/bin:/usr/local/bin:/Users/jcmagsay/bin:/usr/local/bin:/Library/Frameworks/Python.framework/Versions/3.6/bin:/usr/local/bin:/usr/bin:/bin:/usr/sbin:/sbin

Yarn version: 
  1.22.0

Node version: 
  13.9.0

Platform: 
  darwin x64

Trace: 
  SyntaxError: /Users/jcmagsay/playground/twitter-ml-dashboard/package.json: Unexpected token } in JSON at position 203
      at JSON.parse (<anonymous>)
      at /usr/local/Cellar/yarn/1.22.0/libexec/lib/cli.js:1625:59
      at Generator.next (<anonymous>)
      at step (/usr/local/Cellar/yarn/1.22.0/libexec/lib/cli.js:310:30)
      at /usr/local/Cellar/yarn/1.22.0/libexec/lib/cli.js:321:13

npm manifest: 
  {
    "name": "twitter-ml-dashboard",
    "version": "1.0.0",
    "description": "Natural Language Processing as visualizations",
    "main": "index.js",
    "engines": {
      "node": ">8",
      "zlib": "^1.2.8",
    },
    "scripts": {
      "build": "webpack -p",
      "heroku-postbuild": "yarn build",
      "start:dev": "webpack-dev-server --port 8080 --hot --host 0.0.0.0",
      "start": "yarn src/server/server.js"
    },
    "repository": {
      "type": "git",
      "url": "git+https://github.com/jcmagsay/twitter-ml-dashboard.git"
    },
    "author": "Jill Magsaysay",
    "license": "ISC",
    "bugs": {
      "url": "https://github.com/jcmagsay/twitter-ml-dashboard/issues"
    },
    "homepage": "https://github.com/jcmagsay/twitter-ml-dashboard#readme",
    "dependencies": {
      "autoprefixer": "6.7.7",
      "babel-core": "6.24.0",
      "babel-loader": "6.4.1",
      "babel-preset-es2015": "6.24.0",
      "babel-preset-react": "6.23.0",
      "classnames": "2.2.5",
      "compression": "1.6.2",
      "cross-env": "4.0.0",
      "css-loader": "0.28.0",
      "dotenv": "4.0.0",
      "ejs": "2.5.6",
      "eslint-config-airbnb": "^18.0.1",
      "express-ejs-layouts": "2.3.0",
      "extract-text-webpack-plugin": "2.1.0",
      "file-loader": "0.11.1",
      "html-webpack-plugin": "2.28.0",
      "http-auth": "3.1.3",
      "node-sass": "4.5.2",
      "path": "0.12.7",
      "postcss-loader": "1.3.3",
      "react": "15.4.2",
      "react-dom": "15.4.2",
      "react-router": "4.0.0",
      "react-router-dom": "4.0.0",
      "sass-loader": "6.0.3",
      "style-loader": "0.16.1",
      "url-loader": "0.5.8",
      "webpack": "2.3.2",
      "webpack-dev-server": "2.4.2"
    },
    "devDependencies": {
      "babel-eslint": "7.1.1",
      "eslint": "3.11.1"
    }
  }

yarn manifest: 
  No manifest

Lockfile: 
  # THIS IS AN AUTOGENERATED FILE. DO NOT EDIT THIS FILE DIRECTLY.
  # yarn lockfile v1
  
  
  confusing-browser-globals@^1.0.7:
    version "1.0.9"
    resolved "https://registry.yarnpkg.com/confusing-browser-globals/-/confusing-browser-globals-1.0.9.tgz#72bc13b483c0276801681871d4898516f8f54fdd"
  
  define-properties@^1.1.2, define-properties@^1.1.3:
    version "1.1.3"
    resolved "https://registry.yarnpkg.com/define-properties/-/define-properties-1.1.3.tgz#cf88da6cbee26fe6db7094f61d870cbd84cee9f1"
    dependencies:
      object-keys "^1.0.12"
  
  es-abstract@^1.17.0-next.1:
    version "1.17.4"
    resolved "https://registry.yarnpkg.com/es-abstract/-/es-abstract-1.17.4.tgz#e3aedf19706b20e7c2594c35fc0d57605a79e184"
    dependencies:
      es-to-primitive "^1.2.1"
      function-bind "^1.1.1"
      has "^1.0.3"
      has-symbols "^1.0.1"
      is-callable "^1.1.5"
      is-regex "^1.0.5"
      object-inspect "^1.7.0"
      object-keys "^1.1.1"
      object.assign "^4.1.0"
      string.prototype.trimleft "^2.1.1"
      string.prototype.trimright "^2.1.1"
  
  es-to-primitive@^1.2.1:
    version "1.2.1"
    resolved "https://registry.yarnpkg.com/es-to-primitive/-/es-to-primitive-1.2.1.tgz#e55cd4c9cdc188bcefb03b366c736323fc5c898a"
    dependencies:
      is-callable "^1.1.4"
      is-date-object "^1.0.1"
      is-symbol "^1.0.2"
  
  eslint-config-airbnb-base@^14.0.0:
    version "14.0.0"
    resolved "https://registry.yarnpkg.com/eslint-config-airbnb-base/-/eslint-config-airbnb-base-14.0.0.tgz#8a7bcb9643d13c55df4dd7444f138bf4efa61e17"
    dependencies:
      confusing-browser-globals "^1.0.7"
      object.assign "^4.1.0"
      object.entries "^1.1.0"
  
  eslint-config-airbnb@^18.0.1:
    version "18.0.1"
    resolved "https://registry.yarnpkg.com/eslint-config-airbnb/-/eslint-config-airbnb-18.0.1.tgz#a3a74cc29b46413b6096965025381df8fb908559"
    dependencies:
      eslint-config-airbnb-base "^14.0.0"
      object.assign "^4.1.0"
      object.entries "^1.1.0"
  
  function-bind@^1.1.1:
    version "1.1.1"
    resolved "https://registry.yarnpkg.com/function-bind/-/function-bind-1.1.1.tgz#a56899d3ea3c9bab874bb9773b7c5ede92f4895d"
  
  has-symbols@^1.0.0, has-symbols@^1.0.1:
    version "1.0.1"
    resolved "https://registry.yarnpkg.com/has-symbols/-/has-symbols-1.0.1.tgz#9f5214758a44196c406d9bd76cebf81ec2dd31e8"
  
  has@^1.0.3:
    version "1.0.3"
    resolved "https://registry.yarnpkg.com/has/-/has-1.0.3.tgz#722d7cbfc1f6aa8241f16dd814e011e1f41e8796"
    dependencies:
      function-bind "^1.1.1"
  
  is-callable@^1.1.4, is-callable@^1.1.5:
    version "1.1.5"
    resolved "https://registry.yarnpkg.com/is-callable/-/is-callable-1.1.5.tgz#f7e46b596890456db74e7f6e976cb3273d06faab"
  
  is-date-object@^1.0.1:
    version "1.0.2"
    resolved "https://registry.yarnpkg.com/is-date-object/-/is-date-object-1.0.2.tgz#bda736f2cd8fd06d32844e7743bfa7494c3bfd7e"
  
  is-regex@^1.0.5:
    version "1.0.5"
    resolved "https://registry.yarnpkg.com/is-regex/-/is-regex-1.0.5.tgz#39d589a358bf18967f726967120b8fc1aed74eae"
    dependencies:
      has "^1.0.3"
  
  is-symbol@^1.0.2:
    version "1.0.3"
    resolved "https://registry.yarnpkg.com/is-symbol/-/is-symbol-1.0.3.tgz#38e1014b9e6329be0de9d24a414fd7441ec61937"
    dependencies:
      has-symbols "^1.0.1"
  
  object-inspect@^1.7.0:
    version "1.7.0"
    resolved "https://registry.yarnpkg.com/object-inspect/-/object-inspect-1.7.0.tgz#f4f6bd181ad77f006b5ece60bd0b6f398ff74a67"
  
  object-keys@^1.0.11, object-keys@^1.0.12, object-keys@^1.1.1:
    version "1.1.1"
    resolved "https://registry.yarnpkg.com/object-keys/-/object-keys-1.1.1.tgz#1c47f272df277f3b1daf061677d9c82e2322c60e"
  
  object.assign@^4.1.0:
    version "4.1.0"
    resolved "https://registry.yarnpkg.com/object.assign/-/object.assign-4.1.0.tgz#968bf1100d7956bb3ca086f006f846b3bc4008da"
    dependencies:
      define-properties "^1.1.2"
      function-bind "^1.1.1"
      has-symbols "^1.0.0"
      object-keys "^1.0.11"
  
  object.entries@^1.1.0:
    version "1.1.1"
    resolved "https://registry.yarnpkg.com/object.entries/-/object.entries-1.1.1.tgz#ee1cf04153de02bb093fec33683900f57ce5399b"
    dependencies:
      define-properties "^1.1.3"
      es-abstract "^1.17.0-next.1"
      function-bind "^1.1.1"
      has "^1.0.3"
  
  string.prototype.trimleft@^2.1.1:
    version "2.1.1"
    resolved "https://registry.yarnpkg.com/string.prototype.trimleft/-/string.prototype.trimleft-2.1.1.tgz#9bdb8ac6abd6d602b17a4ed321870d2f8dcefc74"
    dependencies:
      define-properties "^1.1.3"
      function-bind "^1.1.1"
  
  string.prototype.trimright@^2.1.1:
    version "2.1.1"
    resolved "https://registry.yarnpkg.com/string.prototype.trimright/-/string.prototype.trimright-2.1.1.tgz#440314b15996c866ce8a0341894d45186200c5d9"
    dependencies:
      define-properties "^1.1.3"
      function-bind "^1.1.1"
